C:\Users\Carter\Desktop\Store Information Management System\SIMS_UI\User Interface\app\shared\interfaces\user.interface.js
C:\Users\Carter\Desktop\Store Information Management System\SIMS_UI\User Interface\app\shared\interfaces\user.interface.js.map
C:\Users\Carter\Desktop\Store Information Management System\SIMS_UI\User Interface\app\app.component.js
C:\Users\Carter\Desktop\Store Information Management System\SIMS_UI\User Interface\app\app.component.js.map
C:\Users\Carter\Desktop\Store Information Management System\SIMS_UI\User Interface\app\shared\component\login.component.js
C:\Users\Carter\Desktop\Store Information Management System\SIMS_UI\User Interface\app\shared\component\login.component.js.map
C:\Users\Carter\Desktop\Store Information Management System\SIMS_UI\User Interface\app\shared\component\home.component.js
C:\Users\Carter\Desktop\Store Information Management System\SIMS_UI\User Interface\app\shared\component\home.component.js.map
C:\Users\Carter\Desktop\Store Information Management System\SIMS_UI\User Interface\app\moduleMasterData\interface\masterData.interface.js
C:\Users\Carter\Desktop\Store Information Management System\SIMS_UI\User Interface\app\moduleMasterData\interface\masterData.interface.js.map
C:\Users\Carter\Desktop\Store Information Management System\SIMS_UI\User Interface\app\moduleMasterData\services\measurementUnit.service.js
C:\Users\Carter\Desktop\Store Information Management System\SIMS_UI\User Interface\app\moduleMasterData\services\measurementUnit.service.js.map
C:\Users\Carter\Desktop\Store Information Management System\SIMS_UI\User Interface\app\_models\alert.js
C:\Users\Carter\Desktop\Store Information Management System\SIMS_UI\User Interface\app\_models\alert.js.map
C:\Users\Carter\Desktop\Store Information Management System\SIMS_UI\User Interface\app\_services\alert.service.js
C:\Users\Carter\Desktop\Store Information Management System\SIMS_UI\User Interface\app\_services\alert.service.js.map
C:\Users\Carter\Desktop\Store Information Management System\SIMS_UI\User Interface\app\_services\index.js
C:\Users\Carter\Desktop\Store Information Management System\SIMS_UI\User Interface\app\_services\index.js.map
C:\Users\Carter\Desktop\Store Information Management System\SIMS_UI\User Interface\app\moduleMasterData\component\measurementUnit.component.js
C:\Users\Carter\Desktop\Store Information Management System\SIMS_UI\User Interface\app\moduleMasterData\component\measurementUnit.component.js.map
C:\Users\Carter\Desktop\Store Information Management System\SIMS_UI\User Interface\app\moduleMasterData\services\supplier.service.js
C:\Users\Carter\Desktop\Store Information Management System\SIMS_UI\User Interface\app\moduleMasterData\services\supplier.service.js.map
C:\Users\Carter\Desktop\Store Information Management System\SIMS_UI\User Interface\app\moduleMasterData\component\supplier.component.js
C:\Users\Carter\Desktop\Store Information Management System\SIMS_UI\User Interface\app\moduleMasterData\component\supplier.component.js.map
C:\Users\Carter\Desktop\Store Information Management System\SIMS_UI\User Interface\app\moduleMasterData\interface\item.interface.js
C:\Users\Carter\Desktop\Store Information Management System\SIMS_UI\User Interface\app\moduleMasterData\interface\item.interface.js.map
C:\Users\Carter\Desktop\Store Information Management System\SIMS_UI\User Interface\app\moduleMasterData\services\item.service.js
C:\Users\Carter\Desktop\Store Information Management System\SIMS_UI\User Interface\app\moduleMasterData\services\item.service.js.map
C:\Users\Carter\Desktop\Store Information Management System\SIMS_UI\User Interface\app\shared\interfaces\lookup.interface.js
C:\Users\Carter\Desktop\Store Information Management System\SIMS_UI\User Interface\app\shared\interfaces\lookup.interface.js.map
C:\Users\Carter\Desktop\Store Information Management System\SIMS_UI\User Interface\app\modulePurchaseOrder\interface\purchaseOrder.interface.js
C:\Users\Carter\Desktop\Store Information Management System\SIMS_UI\User Interface\app\modulePurchaseOrder\interface\purchaseOrder.interface.js.map
C:\Users\Carter\Desktop\Store Information Management System\SIMS_UI\User Interface\app\moduleEntry\interface\entry.interface.js
C:\Users\Carter\Desktop\Store Information Management System\SIMS_UI\User Interface\app\moduleEntry\interface\entry.interface.js.map
C:\Users\Carter\Desktop\Store Information Management System\SIMS_UI\User Interface\app\moduleEntry\interface\entryDetail.interface.js
C:\Users\Carter\Desktop\Store Information Management System\SIMS_UI\User Interface\app\moduleEntry\interface\entryDetail.interface.js.map
C:\Users\Carter\Desktop\Store Information Management System\SIMS_UI\User Interface\app\moduleIssue\interface\issue.interface.js
C:\Users\Carter\Desktop\Store Information Management System\SIMS_UI\User Interface\app\moduleIssue\interface\issue.interface.js.map
C:\Users\Carter\Desktop\Store Information Management System\SIMS_UI\User Interface\app\moduleIssue\interface\issueDetail.interface.js
C:\Users\Carter\Desktop\Store Information Management System\SIMS_UI\User Interface\app\moduleIssue\interface\issueDetail.interface.js.map
C:\Users\Carter\Desktop\Store Information Management System\SIMS_UI\User Interface\app\modulePurchaseOrder\interface\purchaseOrderDetail.interface.js
C:\Users\Carter\Desktop\Store Information Management System\SIMS_UI\User Interface\app\modulePurchaseOrder\interface\purchaseOrderDetail.interface.js.map
C:\Users\Carter\Desktop\Store Information Management System\SIMS_UI\User Interface\app\shared\services\lookup.service.js
C:\Users\Carter\Desktop\Store Information Management System\SIMS_UI\User Interface\app\shared\services\lookup.service.js.map
C:\Users\Carter\Desktop\Store Information Management System\SIMS_UI\User Interface\app\moduleMasterData\component\item.component.js
C:\Users\Carter\Desktop\Store Information Management System\SIMS_UI\User Interface\app\moduleMasterData\component\item.component.js.map
C:\Users\Carter\Desktop\Store Information Management System\SIMS_UI\User Interface\app\modulePurchaseOrder\service\purchaseOrder.service.js
C:\Users\Carter\Desktop\Store Information Management System\SIMS_UI\User Interface\app\modulePurchaseOrder\service\purchaseOrder.service.js.map
C:\Users\Carter\Desktop\Store Information Management System\SIMS_UI\User Interface\app\modulePurchaseOrder\component\purchaseOrder.component.js
C:\Users\Carter\Desktop\Store Information Management System\SIMS_UI\User Interface\app\modulePurchaseOrder\component\purchaseOrder.component.js.map
C:\Users\Carter\Desktop\Store Information Management System\SIMS_UI\User Interface\app\moduleEntry\service\entry.service.js
C:\Users\Carter\Desktop\Store Information Management System\SIMS_UI\User Interface\app\moduleEntry\service\entry.service.js.map
C:\Users\Carter\Desktop\Store Information Management System\SIMS_UI\User Interface\app\moduleEntry\component\entry.component.js
C:\Users\Carter\Desktop\Store Information Management System\SIMS_UI\User Interface\app\moduleEntry\component\entry.component.js.map
C:\Users\Carter\Desktop\Store Information Management System\SIMS_UI\User Interface\app\moduleIssue\service\issue.service.js
C:\Users\Carter\Desktop\Store Information Management System\SIMS_UI\User Interface\app\moduleIssue\service\issue.service.js.map
C:\Users\Carter\Desktop\Store Information Management System\SIMS_UI\User Interface\app\moduleIssue\component\issue.component.js
C:\Users\Carter\Desktop\Store Information Management System\SIMS_UI\User Interface\app\moduleIssue\component\issue.component.js.map
C:\Users\Carter\Desktop\Store Information Management System\SIMS_UI\User Interface\app\moduleAsset\interface\asset.interface.js
C:\Users\Carter\Desktop\Store Information Management System\SIMS_UI\User Interface\app\moduleAsset\interface\asset.interface.js.map
C:\Users\Carter\Desktop\Store Information Management System\SIMS_UI\User Interface\app\moduleAsset\service\asset.service.js
C:\Users\Carter\Desktop\Store Information Management System\SIMS_UI\User Interface\app\moduleAsset\service\asset.service.js.map
C:\Users\Carter\Desktop\Store Information Management System\SIMS_UI\User Interface\app\moduleAsset\component\asset.component.js
C:\Users\Carter\Desktop\Store Information Management System\SIMS_UI\User Interface\app\moduleAsset\component\asset.component.js.map
C:\Users\Carter\Desktop\Store Information Management System\SIMS_UI\User Interface\app\moduleReport\interface\purchaseOrderDetail.interface.js
C:\Users\Carter\Desktop\Store Information Management System\SIMS_UI\User Interface\app\moduleReport\interface\purchaseOrderDetail.interface.js.map
C:\Users\Carter\Desktop\Store Information Management System\SIMS_UI\User Interface\app\moduleReport\component\reportPurchaseOrder.component.js
C:\Users\Carter\Desktop\Store Information Management System\SIMS_UI\User Interface\app\moduleReport\component\reportPurchaseOrder.component.js.map
C:\Users\Carter\Desktop\Store Information Management System\SIMS_UI\User Interface\app\moduleReport\interface\entryDetail.interface.js
C:\Users\Carter\Desktop\Store Information Management System\SIMS_UI\User Interface\app\moduleReport\interface\entryDetail.interface.js.map
C:\Users\Carter\Desktop\Store Information Management System\SIMS_UI\User Interface\app\moduleReport\component\reportEntry.component.js
C:\Users\Carter\Desktop\Store Information Management System\SIMS_UI\User Interface\app\moduleReport\component\reportEntry.component.js.map
C:\Users\Carter\Desktop\Store Information Management System\SIMS_UI\User Interface\app\moduleReport\interface\issueDetail.interface.js
C:\Users\Carter\Desktop\Store Information Management System\SIMS_UI\User Interface\app\moduleReport\interface\issueDetail.interface.js.map
C:\Users\Carter\Desktop\Store Information Management System\SIMS_UI\User Interface\app\moduleReport\component\reportIssue.component.js
C:\Users\Carter\Desktop\Store Information Management System\SIMS_UI\User Interface\app\moduleReport\component\reportIssue.component.js.map
C:\Users\Carter\Desktop\Store Information Management System\SIMS_UI\User Interface\app\moduleReport\interface\asset.interface.js
C:\Users\Carter\Desktop\Store Information Management System\SIMS_UI\User Interface\app\moduleReport\interface\asset.interface.js.map
C:\Users\Carter\Desktop\Store Information Management System\SIMS_UI\User Interface\app\moduleReport\component\reportAsset.component.js
C:\Users\Carter\Desktop\Store Information Management System\SIMS_UI\User Interface\app\moduleReport\component\reportAsset.component.js.map
C:\Users\Carter\Desktop\Store Information Management System\SIMS_UI\User Interface\app\moduleReport\interface\binCard.interface.js
C:\Users\Carter\Desktop\Store Information Management System\SIMS_UI\User Interface\app\moduleReport\interface\binCard.interface.js.map
C:\Users\Carter\Desktop\Store Information Management System\SIMS_UI\User Interface\app\moduleReport\interface\itemTransaction.interface.js
C:\Users\Carter\Desktop\Store Information Management System\SIMS_UI\User Interface\app\moduleReport\interface\itemTransaction.interface.js.map
C:\Users\Carter\Desktop\Store Information Management System\SIMS_UI\User Interface\app\moduleReport\interface\itemList.interface.js
C:\Users\Carter\Desktop\Store Information Management System\SIMS_UI\User Interface\app\moduleReport\interface\itemList.interface.js.map
C:\Users\Carter\Desktop\Store Information Management System\SIMS_UI\User Interface\app\moduleReport\service\summaryReport.service.js
C:\Users\Carter\Desktop\Store Information Management System\SIMS_UI\User Interface\app\moduleReport\service\summaryReport.service.js.map
C:\Users\Carter\Desktop\Store Information Management System\SIMS_UI\User Interface\app\moduleReport\component\bincard.component.js
C:\Users\Carter\Desktop\Store Information Management System\SIMS_UI\User Interface\app\moduleReport\component\bincard.component.js.map
C:\Users\Carter\Desktop\Store Information Management System\SIMS_UI\User Interface\app\moduleReport\component\itemTransaction.component.js
C:\Users\Carter\Desktop\Store Information Management System\SIMS_UI\User Interface\app\moduleReport\component\itemTransaction.component.js.map
C:\Users\Carter\Desktop\Store Information Management System\SIMS_UI\User Interface\app\moduleReport\component\itemList.component.js
C:\Users\Carter\Desktop\Store Information Management System\SIMS_UI\User Interface\app\moduleReport\component\itemList.component.js.map
C:\Users\Carter\Desktop\Store Information Management System\SIMS_UI\User Interface\app\shared\pageNotFound.component.js
C:\Users\Carter\Desktop\Store Information Management System\SIMS_UI\User Interface\app\shared\pageNotFound.component.js.map
C:\Users\Carter\Desktop\Store Information Management System\SIMS_UI\User Interface\app\app-routing.module.js
C:\Users\Carter\Desktop\Store Information Management System\SIMS_UI\User Interface\app\app-routing.module.js.map
C:\Users\Carter\Desktop\Store Information Management System\SIMS_UI\User Interface\app\_models\index.js
C:\Users\Carter\Desktop\Store Information Management System\SIMS_UI\User Interface\app\_models\index.js.map
C:\Users\Carter\Desktop\Store Information Management System\SIMS_UI\User Interface\app\_directives\alert.component.js
C:\Users\Carter\Desktop\Store Information Management System\SIMS_UI\User Interface\app\_directives\alert.component.js.map
C:\Users\Carter\Desktop\Store Information Management System\SIMS_UI\User Interface\app\_directives\index.js
C:\Users\Carter\Desktop\Store Information Management System\SIMS_UI\User Interface\app\_directives\index.js.map
C:\Users\Carter\Desktop\Store Information Management System\SIMS_UI\User Interface\app\app.module.js
C:\Users\Carter\Desktop\Store Information Management System\SIMS_UI\User Interface\app\app.module.js.map
C:\Users\Carter\Desktop\Store Information Management System\SIMS_UI\User Interface\app\main.js
C:\Users\Carter\Desktop\Store Information Management System\SIMS_UI\User Interface\app\main.js.map
C:\Users\Carter\Desktop\Store Information Management System\SIMS_UI\User Interface\app\_services\modal.service.js
C:\Users\Carter\Desktop\Store Information Management System\SIMS_UI\User Interface\app\_services\modal.service.js.map
C:\Users\Carter\Desktop\Store Information Management System\SIMS_UI\User Interface\app\moduleReport\interface\entry.interface.js
C:\Users\Carter\Desktop\Store Information Management System\SIMS_UI\User Interface\app\moduleReport\interface\entry.interface.js.map
C:\Users\Carter\Desktop\Store Information Management System\SIMS_UI\User Interface\app\moduleReport\interface\issue.interface.js
C:\Users\Carter\Desktop\Store Information Management System\SIMS_UI\User Interface\app\moduleReport\interface\issue.interface.js.map
C:\Users\Carter\Desktop\Store Information Management System\SIMS_UI\User Interface\app\moduleReport\interface\purchaseOrder.interface.js
C:\Users\Carter\Desktop\Store Information Management System\SIMS_UI\User Interface\app\moduleReport\interface\purchaseOrder.interface.js.map
